Project Informationc:\documents and settings\aluno\desktop\ricardo\lab07_b.rpt

MAX+plus II Compiler Report File
Version 10.2 07/10/2002
Compiled: 04/24/2014 11:46:10

Copyright (C) 1988-2002 Altera Corporation
Any megafunction design, and related net list (encrypted or decrypted),
support information, device programming or simulation file, and any other
associated documentation or information provided by Altera or a partner
under Altera's Megafunction Partnership Program may be used only to
program PLD devices (but not masked PLD devices) from Altera.  Any other
use of such megafunction design, net list, support information, device
programming or simulation file, or any other related documentation or
information is prohibited for any other purpose, including, but not
limited to modification, reverse engineering, de-compiling, or use with
any other silicon devices, unless such use is explicitly licensed under
a separate agreement with Altera or a megafunction partner.  Title to
the intellectual property, including patents, copyrights, trademarks,
trade secrets, or maskworks, embodied in any such megafunction design,
net list, support information, device programming or simulation file, or
any other related documentation or information provided by Altera or a
megafunction partner, remains with Altera, the megafunction partner, or
their respective licensors.  No other licenses, including any licenses
needed under any third party's intellectual property, are provided herein.



***** Project compilation was successful




** DEVICE SUMMARY **

Chip/                     Input   Output   Bidir         Shareable
POF       Device          Pins    Pins     Pins     LCs  Expanders  % Utilized

lab07_b   EPM7032LC44-6    4        16       0      16      0           50 %

User Pins:                 4        16       0  



Device-Specific Information:c:\documents and settings\aluno\desktop\ricardo\lab07_b.rpt
lab07_b

***** Logic for device 'lab07_b' compiled without errors.




Device: EPM7032LC44-6

Device Options:
    Turbo Bit                                    = ON
    Security Bit                                 = OFF

                                               
                                               
                                               
                                               
                                               
                       V  G  G  G  G  G  b     
              a  a  a  C  N  N  N  N  N  1  b  
              2  1  0  C  D  D  D  D  D  3  5  
            -----------------------------------_ 
          /   6  5  4  3  2  1 44 43 42 41 40   | 
      a3 |  7                                39 | b6 
RESERVED |  8                                38 | b12 
RESERVED |  9                                37 | b11 
     GND | 10                                36 | b10 
RESERVED | 11                                35 | VCC 
RESERVED | 12         EPM7032LC44-6          34 | b4 
RESERVED | 13                                33 | b3 
RESERVED | 14                                32 | b14 
     VCC | 15                                31 | b2 
RESERVED | 16                                30 | GND 
RESERVED | 17                                29 | b1 
         |_  18 19 20 21 22 23 24 25 26 27 28  _| 
           ------------------------------------ 
              R  R  R  R  G  V  b  b  b  b  b  
              E  E  E  E  N  C  7  8  9  0  1  
              S  S  S  S  D  C              5  
              E  E  E  E                       
              R  R  R  R                       
              V  V  V  V                       
              E  E  E  E                       
              D  D  D  D                       


N.C. = No Connect. This pin has no internal connection to the device.
VCC = Dedicated power pin, which MUST be connected to VCC.
GND = Dedicated ground pin or unused dedicated input, which MUST be connected to GND.
RESERVED = Unused I/O pin, which MUST be left unconnected.



Device-Specific Information:c:\documents and settings\aluno\desktop\ricardo\lab07_b.rpt
lab07_b

** RESOURCE USAGE **

                                                Shareable     External
Logic Array Block     Logic Cells   I/O Pins    Expanders   Interconnect

A:     LC1 - LC16     0/16(  0%)   4/16( 25%)   0/16(  0%)   0/36(  0%) 
B:    LC17 - LC32    16/16(100%)  16/16(100%)   0/16(  0%)   4/36( 11%) 


Total dedicated input pins used:                 0/4      (  0%)
Total I/O pins used:                            20/32     ( 62%)
Total logic cells used:                         16/32     ( 50%)
Total shareable expanders used:                  0/32     (  0%)
Total Turbo logic cells used:                   16/32     ( 50%)
Total shareable expanders not available (n/a):   0/32     (  0%)
Average fan-in:                                  4.00
Total fan-in:                                    64

Total input pins required:                       4
Total output pins required:                     16
Total bidirectional pins required:               0
Total logic cells required:                     16
Total flipflops required:                        0
Total product terms required:                   16
Total logic cells lending parallel expanders:    0
Total shareable expanders in database:           0

Synthesized logic cells:                         0/  32   (  0%)



Device-Specific Information:c:\documents and settings\aluno\desktop\ricardo\lab07_b.rpt
lab07_b

** INPUTS **

                                         Shareable
                                         Expanders     Fan-In    Fan-Out
 Pin     LC  LAB  Primitive    Code   Total Shared n/a INP  FBK  OUT  FBK  Name
   4    (1)  (A)      INPUT               0      0   0    0    0   16    0  a0
   5    (2)  (A)      INPUT               0      0   0    0    0   16    0  a1
   6    (3)  (A)      INPUT               0      0   0    0    0   16    0  a2
   7    (4)  (A)      INPUT               0      0   0    0    0   16    0  a3


Code:

s = Synthesized pin or logic cell
t = Turbo logic cell
+ = Synchronous flipflop
! = NOT gate push-back
r = Fitter-inserted logic cell


Device-Specific Information:c:\documents and settings\aluno\desktop\ricardo\lab07_b.rpt
lab07_b

** OUTPUTS **

                                         Shareable
                                         Expanders     Fan-In    Fan-Out
 Pin     LC  LAB  Primitive    Code   Total Shared n/a INP  FBK  OUT  FBK  Name
  27     29    B     OUTPUT      t        0      0   0    4    0    0    0  b0
  29     27    B     OUTPUT      t        0      0   0    4    0    0    0  b1
  31     26    B     OUTPUT      t        0      0   0    4    0    0    0  b2
  33     24    B     OUTPUT      t        0      0   0    4    0    0    0  b3
  34     23    B     OUTPUT      t        0      0   0    4    0    0    0  b4
  40     18    B     OUTPUT      t        0      0   0    4    0    0    0  b5
  39     19    B     OUTPUT      t        0      0   0    4    0    0    0  b6
  24     32    B     OUTPUT      t        0      0   0    4    0    0    0  b7
  25     31    B     OUTPUT      t        0      0   0    4    0    0    0  b8
  26     30    B     OUTPUT      t        0      0   0    4    0    0    0  b9
  36     22    B     OUTPUT      t        0      0   0    4    0    0    0  b10
  37     21    B     OUTPUT      t        0      0   0    4    0    0    0  b11
  38     20    B     OUTPUT      t        0      0   0    4    0    0    0  b12
  41     17    B     OUTPUT      t        0      0   0    4    0    0    0  b13
  32     25    B     OUTPUT      t        0      0   0    4    0    0    0  b14
  28     28    B     OUTPUT      t        0      0   0    4    0    0    0  b15


Code:

s = Synthesized pin or logic cell
t = Turbo logic cell
+ = Synchronous flipflop
! = NOT gate push-back
r = Fitter-inserted logic cell


Device-Specific Information:c:\documents and settings\aluno\desktop\ricardo\lab07_b.rpt
lab07_b

** LOGIC CELL INTERCONNECTIONS **

Logic Array Block 'B':

                                         Logic cells placed in LAB 'B'
        +------------------------------- LC29 b0
        | +----------------------------- LC27 b1
        | | +--------------------------- LC26 b2
        | | | +------------------------- LC24 b3
        | | | | +----------------------- LC23 b4
        | | | | | +--------------------- LC18 b5
        | | | | | | +------------------- LC19 b6
        | | | | | | | +----------------- LC32 b7
        | | | | | | | | +--------------- LC31 b8
        | | | | | | | | | +------------- LC30 b9
        | | | | | | | | | | +----------- LC22 b10
        | | | | | | | | | | | +--------- LC21 b11
        | | | | | | | | | | | | +------- LC20 b12
        | | | | | | | | | | | | | +----- LC17 b13
        | | | | | | | | | | | | | | +--- LC25 b14
        | | | | | | | | | | | | | | | +- LC28 b15
        | | | | | | | | | | | | | | | | 
        | | | | | | | | | | | | | | | |   Other LABs fed by signals
        | | | | | | | | | | | | | | | |   that feed LAB 'B'
LC      | | | | | | | | | | | | | | | | | A B |     Logic cells that feed LAB 'B':

Pin
4    -> * * * * * * * * * * * * * * * * | - * | <-- a0
5    -> * * * * * * * * * * * * * * * * | - * | <-- a1
6    -> * * * * * * * * * * * * * * * * | - * | <-- a2
7    -> * * * * * * * * * * * * * * * * | - * | <-- a3


* = The logic cell or pin is an input to the logic cell (or LAB) through the PIA.
- = The logic cell or pin is not an input to the logic cell (or LAB).


Device-Specific Information:c:\documents and settings\aluno\desktop\ricardo\lab07_b.rpt
lab07_b

** EQUATIONS **

a0       : INPUT;
a1       : INPUT;
a2       : INPUT;
a3       : INPUT;

-- Node name is 'b0' 
-- Equation name is 'b0', location is LC029, type is output.
 b0      = LCELL( _EQ001 $  GND);
  _EQ001 = !a0 & !a1 & !a2 & !a3;

-- Node name is 'b1' 
-- Equation name is 'b1', location is LC027, type is output.
 b1      = LCELL( _EQ002 $  GND);
  _EQ002 =  a0 & !a1 & !a2 & !a3;

-- Node name is 'b2' 
-- Equation name is 'b2', location is LC026, type is output.
 b2      = LCELL( _EQ003 $  GND);
  _EQ003 = !a0 &  a1 & !a2 & !a3;

-- Node name is 'b3' 
-- Equation name is 'b3', location is LC024, type is output.
 b3      = LCELL( _EQ004 $  GND);
  _EQ004 =  a0 &  a1 & !a2 & !a3;

-- Node name is 'b4' 
-- Equation name is 'b4', location is LC023, type is output.
 b4      = LCELL( _EQ005 $  GND);
  _EQ005 = !a0 & !a1 &  a2 & !a3;

-- Node name is 'b5' 
-- Equation name is 'b5', location is LC018, type is output.
 b5      = LCELL( _EQ006 $  GND);
  _EQ006 =  a0 & !a1 &  a2 & !a3;

-- Node name is 'b6' 
-- Equation name is 'b6', location is LC019, type is output.
 b6      = LCELL( _EQ007 $  GND);
  _EQ007 = !a0 &  a1 &  a2 & !a3;

-- Node name is 'b7' 
-- Equation name is 'b7', location is LC032, type is output.
 b7      = LCELL( _EQ008 $  GND);
  _EQ008 =  a0 &  a1 &  a2 & !a3;

-- Node name is 'b8' 
-- Equation name is 'b8', location is LC031, type is output.
 b8      = LCELL( _EQ009 $  GND);
  _EQ009 = !a0 & !a1 & !a2 &  a3;

-- Node name is 'b9' 
-- Equation name is 'b9', location is LC030, type is output.
 b9      = LCELL( _EQ010 $  GND);
  _EQ010 =  a0 & !a1 & !a2 &  a3;

-- Node name is 'b10' 
-- Equation name is 'b10', location is LC022, type is output.
 b10     = LCELL( _EQ011 $  GND);
  _EQ011 = !a0 &  a1 & !a2 &  a3;

-- Node name is 'b11' 
-- Equation name is 'b11', location is LC021, type is output.
 b11     = LCELL( _EQ012 $  GND);
  _EQ012 =  a0 &  a1 & !a2 &  a3;

-- Node name is 'b12' 
-- Equation name is 'b12', location is LC020, type is output.
 b12     = LCELL( _EQ013 $  GND);
  _EQ013 = !a0 & !a1 &  a2 &  a3;

-- Node name is 'b13' 
-- Equation name is 'b13', location is LC017, type is output.
 b13     = LCELL( _EQ014 $  GND);
  _EQ014 =  a0 & !a1 &  a2 &  a3;

-- Node name is 'b14' 
-- Equation name is 'b14', location is LC025, type is output.
 b14     = LCELL( _EQ015 $  GND);
  _EQ015 = !a0 &  a1 &  a2 &  a3;

-- Node name is 'b15' 
-- Equation name is 'b15', location is LC028, type is output.
 b15     = LCELL( _EQ016 $  GND);
  _EQ016 =  a0 &  a1 &  a2 &  a3;



--     Shareable expanders that are duplicated in multiple LABs:
--     (none)




Project Informationc:\documents and settings\aluno\desktop\ricardo\lab07_b.rpt

** COMPILATION SETTINGS & TIMES **

Processing Menu Commands
------------------------

Design Doctor                             = off

Logic Synthesis:

   Synthesis Type Used                    = Standard

   Default Synthesis Style                = NORMAL

      Logic option settings in 'NORMAL' style for 'MAX7000' family

      DECOMPOSE_GATES                     = on
      DUPLICATE_LOGIC_EXTRACTION          = on
      MINIMIZATION                        = full
      MULTI_LEVEL_FACTORING               = on
      NOT_GATE_PUSH_BACK                  = on
      PARALLEL_EXPANDERS                  = off
      REDUCE_LOGIC                        = on
      REFACTORIZATION                     = on
      REGISTER_OPTIMIZATION               = on
      RESYNTHESIZE_NETWORK                = on
      SLOW_SLEW_RATE                      = off
      SOFT_BUFFER_INSERTION               = on
      SUBFACTOR_EXTRACTION                = on
      TURBO_BIT                           = on
      XOR_SYNTHESIS                       = on
      IGNORE_SOFT_BUFFERS                 = off
      USE_LPM_FOR_AHDL_OPERATORS          = off

   Other logic synthesis settings:

      Automatic Global Clock              = on
      Automatic Global Clear              = on
      Automatic Global Preset             = on
      Automatic Global Output Enable      = on
      Automatic Fast I/O                  = off
      Automatic Register Packing          = off
      Automatic Open-Drain Pins           = on
      Automatic Implement in EAB          = off
      One-Hot State Machine Encoding      = off
      Optimize                            = 5

Default Timing Specifications: None

Cut All Bidir Feedback Timing Paths       = on
Cut All Clear & Preset Timing Paths       = on

Ignore Timing Assignments                 = off

Functional SNF Extractor                  = off

Linked SNF Extractor                      = off
Timing SNF Extractor                      = on
Optimize Timing SNF                       = off
Generate AHDL TDO File                    = off
Fitter Settings                           = NORMAL
Smart Recompile                           = off
Total Recompile                           = off

Interfaces Menu Commands
------------------------

EDIF Netlist Writer                       = off
Verilog Netlist Writer                    = off
VHDL Netlist Writer                       = off

Compilation Times
-----------------

   Compiler Netlist Extractor             00:00:00
   Database Builder                       00:00:00
   Logic Synthesizer                      00:00:00
   Partitioner                            00:00:00
   Fitter                                 00:00:00
   Timing SNF Extractor                   00:00:00
   Assembler                              00:00:00
   --------------------------             --------
   Total Time                             00:00:00


Memory Allocated
-----------------

Peak memory allocated during compilation  = 3,055K
